[2018-11-26 07:49:02] php_system.INFO: E_WARNING: array (   'type' => 2,   'message' => 'closedir() expects parameter 1 to be resource, boolean given',   'file' => '/Users/vsarapin/programs/MAMP/apache2/htdocs/wp-admin/includes/file.php',   'line' => 168, ) [] []
[2018-11-26 07:49:03] php_system.INFO: E_DEPRECATED: array (   'type' => 8192,   'message' => 'Non-static method WP_Feed_Cache::create() should not be called statically',   'file' => '/Users/vsarapin/programs/MAMP/apache2/htdocs/wp-includes/SimplePie/Registry.php',   'line' => 215, ) [] []
[2018-11-26 08:15:16] php_system.INFO: E_WARNING: array (   'type' => 2,   'message' => 'closedir() expects parameter 1 to be resource, boolean given',   'file' => '/Users/vsarapin/programs/MAMP/apache2/htdocs/wp-admin/includes/file.php',   'line' => 168, ) [] []
[2018-11-26 09:05:01] php_system.INFO: E_NOTICE: array (   'type' => 8,   'message' => 'Undefined index: author_archive',   'file' => '/Users/vsarapin/programs/MAMP/apache2/htdocs/wp-content/plugins/custom-sidebars/inc/class-custom-sidebars-editor.php',   'line' => 623, ) [] []
[2018-11-26 09:05:25] php_system.INFO: E_NOTICE: array (   'type' => 8,   'message' => 'Undefined index: author_archive',   'file' => '/Users/vsarapin/programs/MAMP/apache2/htdocs/wp-content/plugins/custom-sidebars/inc/class-custom-sidebars-editor.php',   'line' => 623, ) [] []
[2018-11-26 09:15:53] php_system.INFO: E_WARNING: array (   'type' => 2,   'message' => 'closedir() expects parameter 1 to be resource, boolean given',   'file' => '/Users/vsarapin/programs/MAMP/apache2/htdocs/wp-admin/includes/file.php',   'line' => 168, ) [] []
[2018-11-26 09:51:37] php_system.INFO: E_NOTICE: array (   'type' => 8,   'message' => 'Trying to get property of non-object',   'file' => '/Users/vsarapin/programs/MAMP/apache2/htdocs/wp-content/plugins/dynamic-widgets/mods/custompost_module.php',   'line' => 167, ) [] []
[2018-11-26 09:51:45] php_system.INFO: E_NOTICE: array (   'type' => 8,   'message' => 'Trying to get property of non-object',   'file' => '/Users/vsarapin/programs/MAMP/apache2/htdocs/wp-content/plugins/dynamic-widgets/mods/custompost_module.php',   'line' => 167, ) [] []
[2018-11-26 09:52:09] php_system.INFO: E_NOTICE: array (   'type' => 8,   'message' => 'Trying to get property of non-object',   'file' => '/Users/vsarapin/programs/MAMP/apache2/htdocs/wp-content/plugins/dynamic-widgets/mods/custompost_module.php',   'line' => 167, ) [] []
[2018-11-26 09:52:27] php_system.INFO: E_NOTICE: array (   'type' => 8,   'message' => 'Trying to get property of non-object',   'file' => '/Users/vsarapin/programs/MAMP/apache2/htdocs/wp-content/plugins/dynamic-widgets/mods/custompost_module.php',   'line' => 167, ) [] []
[2018-11-26 09:52:48] php_system.INFO: E_NOTICE: array (   'type' => 8,   'message' => 'Trying to get property of non-object',   'file' => '/Users/vsarapin/programs/MAMP/apache2/htdocs/wp-content/plugins/dynamic-widgets/mods/custompost_module.php',   'line' => 167, ) [] []
[2018-11-26 09:53:04] php_system.INFO: E_NOTICE: array (   'type' => 8,   'message' => 'Trying to get property of non-object',   'file' => '/Users/vsarapin/programs/MAMP/apache2/htdocs/wp-content/plugins/dynamic-widgets/mods/custompost_module.php',   'line' => 167, ) [] []
[2018-11-26 09:53:35] php_system.INFO: E_NOTICE: array (   'type' => 8,   'message' => 'Trying to get property of non-object',   'file' => '/Users/vsarapin/programs/MAMP/apache2/htdocs/wp-content/plugins/dynamic-widgets/mods/custompost_module.php',   'line' => 167, ) [] []
[2018-11-26 09:58:16] php_system.INFO: E_NOTICE: array (   'type' => 8,   'message' => 'Trying to get property of non-object',   'file' => '/Users/vsarapin/programs/MAMP/apache2/htdocs/wp-content/plugins/dynamic-widgets/mods/custompost_module.php',   'line' => 167, ) [] []
[2018-11-26 09:59:15] php_system.INFO: E_NOTICE: array (   'type' => 8,   'message' => 'Trying to get property of non-object',   'file' => '/Users/vsarapin/programs/MAMP/apache2/htdocs/wp-content/plugins/dynamic-widgets/mods/custompost_module.php',   'line' => 167, ) [] []
[2018-11-26 10:00:27] php_system.INFO: E_USER_NOTICE: array (   'type' => 1024,   'message' => 'Failed to ping google:   Bad Request   Bad Request Error 400   ',   'file' => '/Users/vsarapin/programs/MAMP/apache2/htdocs/wp-content/plugins/google-sitemap-generator/sitemap-core.php',   'line' => 1914, ) [] []
[2018-11-26 10:00:58] php_system.INFO: E_NOTICE: array (   'type' => 8,   'message' => 'Trying to get property of non-object',   'file' => '/Users/vsarapin/programs/MAMP/apache2/htdocs/wp-content/plugins/dynamic-widgets/mods/custompost_module.php',   'line' => 167, ) [] []
[2018-11-26 10:01:04] php_system.INFO: E_NOTICE: array (   'type' => 8,   'message' => 'Trying to get property of non-object',   'file' => '/Users/vsarapin/programs/MAMP/apache2/htdocs/wp-content/plugins/dynamic-widgets/mods/custompost_module.php',   'line' => 167, ) [] []
[2018-11-26 10:01:31] php_system.INFO: E_NOTICE: array (   'type' => 8,   'message' => 'Trying to get property of non-object',   'file' => '/Users/vsarapin/programs/MAMP/apache2/htdocs/wp-content/plugins/dynamic-widgets/mods/custompost_module.php',   'line' => 167, ) [] []
[2018-11-26 10:02:23] php_system.INFO: E_NOTICE: array (   'type' => 8,   'message' => 'Trying to get property of non-object',   'file' => '/Users/vsarapin/programs/MAMP/apache2/htdocs/wp-content/plugins/dynamic-widgets/mods/custompost_module.php',   'line' => 167, ) [] []
[2018-11-26 10:03:26] php_system.INFO: E_USER_NOTICE: array (   'type' => 1024,   'message' => 'Failed to ping google:   Bad Request   Bad Request Error 400   ',   'file' => '/Users/vsarapin/programs/MAMP/apache2/htdocs/wp-content/plugins/google-sitemap-generator/sitemap-core.php',   'line' => 1914, ) [] []
[2018-11-26 10:04:14] php_system.INFO: E_NOTICE: array (   'type' => 8,   'message' => 'Trying to get property of non-object',   'file' => '/Users/vsarapin/programs/MAMP/apache2/htdocs/wp-content/plugins/dynamic-widgets/mods/custompost_module.php',   'line' => 167, ) [] []
[2018-11-26 10:08:00] php_system.INFO: E_USER_NOTICE: array (   'type' => 1024,   'message' => 'Failed to ping google:   Bad Request   Bad Request Error 400   ',   'file' => '/Users/vsarapin/programs/MAMP/apache2/htdocs/wp-content/plugins/google-sitemap-generator/sitemap-core.php',   'line' => 1914, ) [] []
[2018-11-26 10:14:59] php_system.INFO: E_USER_NOTICE: array (   'type' => 1024,   'message' => 'Failed to ping google:   Bad Request   Bad Request Error 400   ',   'file' => '/Users/vsarapin/programs/MAMP/apache2/htdocs/wp-content/plugins/google-sitemap-generator/sitemap-core.php',   'line' => 1914, ) [] []
[2018-11-26 10:21:58] php_system.INFO: E_USER_NOTICE: array (   'type' => 1024,   'message' => 'Failed to ping google:   Bad Request   Bad Request Error 400   ',   'file' => '/Users/vsarapin/programs/MAMP/apache2/htdocs/wp-content/plugins/google-sitemap-generator/sitemap-core.php',   'line' => 1914, ) [] []
[2018-11-26 10:24:20] php_system.INFO: E_USER_NOTICE: array (   'type' => 1024,   'message' => 'Failed to ping google:   Bad Request   Bad Request Error 400   ',   'file' => '/Users/vsarapin/programs/MAMP/apache2/htdocs/wp-content/plugins/google-sitemap-generator/sitemap-core.php',   'line' => 1914, ) [] []
[2018-11-26 10:25:38] php_system.INFO: E_USER_NOTICE: array (   'type' => 1024,   'message' => 'Failed to ping google:   Bad Request   Bad Request Error 400   ',   'file' => '/Users/vsarapin/programs/MAMP/apache2/htdocs/wp-content/plugins/google-sitemap-generator/sitemap-core.php',   'line' => 1914, ) [] []
[2018-11-26 10:28:22] php_system.INFO: E_USER_NOTICE: array (   'type' => 1024,   'message' => 'Failed to ping google:   Bad Request   Bad Request Error 400   ',   'file' => '/Users/vsarapin/programs/MAMP/apache2/htdocs/wp-content/plugins/google-sitemap-generator/sitemap-core.php',   'line' => 1914, ) [] []
[2018-11-26 10:33:36] php_system.INFO: E_USER_NOTICE: array (   'type' => 1024,   'message' => 'Failed to ping google:   Bad Request   Bad Request Error 400   ',   'file' => '/Users/vsarapin/programs/MAMP/apache2/htdocs/wp-content/plugins/google-sitemap-generator/sitemap-core.php',   'line' => 1914, ) [] []
[2018-11-26 10:37:02] php_system.INFO: E_USER_NOTICE: array (   'type' => 1024,   'message' => 'Failed to ping google:   Bad Request   Bad Request Error 400   ',   'file' => '/Users/vsarapin/programs/MAMP/apache2/htdocs/wp-content/plugins/google-sitemap-generator/sitemap-core.php',   'line' => 1914, ) [] []
[2018-11-26 10:38:52] php_system.INFO: E_USER_NOTICE: array (   'type' => 1024,   'message' => 'Failed to ping google:   Bad Request   Bad Request Error 400   ',   'file' => '/Users/vsarapin/programs/MAMP/apache2/htdocs/wp-content/plugins/google-sitemap-generator/sitemap-core.php',   'line' => 1914, ) [] []
[2018-11-26 10:39:04] php_system.INFO: E_USER_NOTICE: array (   'type' => 1024,   'message' => 'Failed to ping google:   Bad Request   Bad Request Error 400   ',   'file' => '/Users/vsarapin/programs/MAMP/apache2/htdocs/wp-content/plugins/google-sitemap-generator/sitemap-core.php',   'line' => 1914, ) [] []
[2018-11-26 10:39:31] php_system.INFO: E_USER_NOTICE: array (   'type' => 1024,   'message' => 'Failed to ping google:   Bad Request   Bad Request Error 400   ',   'file' => '/Users/vsarapin/programs/MAMP/apache2/htdocs/wp-content/plugins/google-sitemap-generator/sitemap-core.php',   'line' => 1914, ) [] []
[2018-11-26 10:40:01] php_system.INFO: E_USER_NOTICE: array (   'type' => 1024,   'message' => 'Failed to ping google:   Bad Request   Bad Request Error 400   ',   'file' => '/Users/vsarapin/programs/MAMP/apache2/htdocs/wp-content/plugins/google-sitemap-generator/sitemap-core.php',   'line' => 1914, ) [] []
[2018-11-26 10:56:15] php_system.INFO: E_USER_NOTICE: array (   'type' => 1024,   'message' => 'Failed to ping google:   Bad Request   Bad Request Error 400   ',   'file' => '/Users/vsarapin/programs/MAMP/apache2/htdocs/wp-content/plugins/google-sitemap-generator/sitemap-core.php',   'line' => 1914, ) [] []
[2018-11-26 10:57:09] php_system.INFO: E_USER_NOTICE: array (   'type' => 1024,   'message' => 'Failed to ping google:   Bad Request   Bad Request Error 400   ',   'file' => '/Users/vsarapin/programs/MAMP/apache2/htdocs/wp-content/plugins/google-sitemap-generator/sitemap-core.php',   'line' => 1914, ) [] []
[2018-11-26 11:14:16] php_system.INFO: E_USER_NOTICE: array (   'type' => 1024,   'message' => 'Failed to ping google:   Bad Request   Bad Request Error 400   ',   'file' => '/Users/vsarapin/programs/MAMP/apache2/htdocs/wp-content/plugins/google-sitemap-generator/sitemap-core.php',   'line' => 1914, ) [] []
[2018-11-26 11:14:34] php_system.INFO: E_USER_NOTICE: array (   'type' => 1024,   'message' => 'Failed to ping google:   Bad Request   Bad Request Error 400   ',   'file' => '/Users/vsarapin/programs/MAMP/apache2/htdocs/wp-content/plugins/google-sitemap-generator/sitemap-core.php',   'line' => 1914, ) [] []
[2018-11-26 11:15:21] php_system.INFO: E_WARNING: array (   'type' => 2,   'message' => 'closedir() expects parameter 1 to be resource, boolean given',   'file' => '/Users/vsarapin/programs/MAMP/apache2/htdocs/wp-admin/includes/file.php',   'line' => 168, ) [] []
[2018-11-26 11:15:42] php_system.INFO: E_USER_NOTICE: array (   'type' => 1024,   'message' => 'Failed to ping google:   Bad Request   Bad Request Error 400   ',   'file' => '/Users/vsarapin/programs/MAMP/apache2/htdocs/wp-content/plugins/google-sitemap-generator/sitemap-core.php',   'line' => 1914, ) [] []
[2018-11-26 12:16:44] php_system.INFO: E_WARNING: array (   'type' => 2,   'message' => 'closedir() expects parameter 1 to be resource, boolean given',   'file' => '/Users/vsarapin/programs/MAMP/apache2/htdocs/wp-admin/includes/file.php',   'line' => 168, ) [] []
[2018-11-26 13:29:12] php_system.INFO: E_WARNING: array (   'type' => 2,   'message' => 'closedir() expects parameter 1 to be resource, boolean given',   'file' => '/Users/vsarapin/programs/MAMP/apache2/htdocs/wp-admin/includes/file.php',   'line' => 168, ) [] []
[2018-11-26 13:59:13] php_system.INFO: E_USER_NOTICE: array (   'type' => 1024,   'message' => 'Failed to ping google:   Bad Request   Bad Request Error 400   ',   'file' => '/Users/vsarapin/programs/MAMP/apache2/htdocs/wp-content/plugins/google-sitemap-generator/sitemap-core.php',   'line' => 1914, ) [] []
[2018-11-26 14:07:19] php_system.INFO: E_USER_NOTICE: array (   'type' => 1024,   'message' => 'Failed to ping google:   Bad Request   Bad Request Error 400   ',   'file' => '/Users/vsarapin/programs/MAMP/apache2/htdocs/wp-content/plugins/google-sitemap-generator/sitemap-core.php',   'line' => 1914, ) [] []
[2018-11-26 14:07:45] php_system.INFO: E_USER_NOTICE: array (   'type' => 1024,   'message' => 'Failed to ping google:   Bad Request   Bad Request Error 400   ',   'file' => '/Users/vsarapin/programs/MAMP/apache2/htdocs/wp-content/plugins/google-sitemap-generator/sitemap-core.php',   'line' => 1914, ) [] []
[2018-11-26 14:08:00] php_system.INFO: E_USER_NOTICE: array (   'type' => 1024,   'message' => 'Failed to ping google:   Bad Request   Bad Request Error 400   ',   'file' => '/Users/vsarapin/programs/MAMP/apache2/htdocs/wp-content/plugins/google-sitemap-generator/sitemap-core.php',   'line' => 1914, ) [] []
[2018-11-26 14:08:17] php_system.INFO: E_USER_NOTICE: array (   'type' => 1024,   'message' => 'Failed to ping google:   Bad Request   Bad Request Error 400   ',   'file' => '/Users/vsarapin/programs/MAMP/apache2/htdocs/wp-content/plugins/google-sitemap-generator/sitemap-core.php',   'line' => 1914, ) [] []
[2018-11-26 14:14:59] php_system.INFO: E_WARNING: array (   'type' => 2,   'message' => 'closedir() expects parameter 1 to be resource, boolean given',   'file' => '/Users/vsarapin/programs/MAMP/apache2/htdocs/wp-admin/includes/file.php',   'line' => 168, ) [] []
[2018-11-26 14:55:16] php_system.INFO: E_NOTICE: array (   'type' => 8,   'message' => 'Undefined variable: rg_billing',   'file' => '/Users/vsarapin/programs/MAMP/apache2/htdocs/wp-content/plugins/woo-single-page-checkout/includes/setting.php',   'line' => 55, ) [] []
[2018-11-26 14:55:24] php_system.INFO: E_NOTICE: array (   'type' => 8,   'message' => 'Undefined variable: rg_billing',   'file' => '/Users/vsarapin/programs/MAMP/apache2/htdocs/wp-content/plugins/woo-single-page-checkout/includes/setting.php',   'line' => 55, ) [] []
[2018-11-26 14:55:55] php_system.INFO: E_USER_NOTICE: array (   'type' => 1024,   'message' => 'Failed to ping google:   Bad Request   Bad Request Error 400   ',   'file' => '/Users/vsarapin/programs/MAMP/apache2/htdocs/wp-content/plugins/google-sitemap-generator/sitemap-core.php',   'line' => 1914, ) [] []
[2018-11-26 14:56:45] php_system.INFO: E_USER_NOTICE: array (   'type' => 1024,   'message' => 'Failed to ping google:   Bad Request   Bad Request Error 400   ',   'file' => '/Users/vsarapin/programs/MAMP/apache2/htdocs/wp-content/plugins/google-sitemap-generator/sitemap-core.php',   'line' => 1914, ) [] []
[2018-11-26 14:57:06] php_system.INFO: E_USER_NOTICE: array (   'type' => 1024,   'message' => 'Failed to ping google:   Bad Request   Bad Request Error 400   ',   'file' => '/Users/vsarapin/programs/MAMP/apache2/htdocs/wp-content/plugins/google-sitemap-generator/sitemap-core.php',   'line' => 1914, ) [] []
[2018-11-26 14:58:05] php_system.INFO: E_USER_NOTICE: array (   'type' => 1024,   'message' => 'Failed to ping google:   Bad Request   Bad Request Error 400   ',   'file' => '/Users/vsarapin/programs/MAMP/apache2/htdocs/wp-content/plugins/google-sitemap-generator/sitemap-core.php',   'line' => 1914, ) [] []
[2018-11-26 15:15:14] php_system.INFO: E_WARNING: array (   'type' => 2,   'message' => 'closedir() expects parameter 1 to be resource, boolean given',   'file' => '/Users/vsarapin/programs/MAMP/apache2/htdocs/wp-admin/includes/file.php',   'line' => 168, ) [] []
[2018-11-26 16:15:00] php_system.INFO: E_WARNING: array (   'type' => 2,   'message' => 'closedir() expects parameter 1 to be resource, boolean given',   'file' => '/Users/vsarapin/programs/MAMP/apache2/htdocs/wp-admin/includes/file.php',   'line' => 168, ) [] []
[2018-11-26 16:30:14] php_system.INFO: E_NOTICE: array (   'type' => 8,   'message' => 'Trying to get property of non-object',   'file' => '/Users/vsarapin/programs/MAMP/apache2/htdocs/wp-content/plugins/woo-shipping-for-nova-poshta/classes/Customer.php',   'line' => 52, ) [] []
[2018-11-26 16:33:01] php_system.INFO: E_NOTICE: array (   'type' => 8,   'message' => 'Trying to get property of non-object',   'file' => '/Users/vsarapin/programs/MAMP/apache2/htdocs/wp-content/plugins/woo-shipping-for-nova-poshta/woo-shipping-for-nova-poshta.php',   'line' => 119, ) [] []
[2018-11-26 16:39:39] php_system.INFO: E_NOTICE: array (   'type' => 8,   'message' => 'Trying to get property of non-object',   'file' => '/Users/vsarapin/programs/MAMP/apache2/htdocs/wp-content/plugins/woo-shipping-for-nova-poshta/classes/Customer.php',   'line' => 52, ) [] []
[2018-11-26 16:40:04] php_system.INFO: E_NOTICE: array (   'type' => 8,   'message' => 'Trying to get property of non-object',   'file' => '/Users/vsarapin/programs/MAMP/apache2/htdocs/wp-content/plugins/woo-shipping-for-nova-poshta/classes/Customer.php',   'line' => 52, ) [] []
[2018-11-26 16:46:43] php_system.INFO: E_NOTICE: array (   'type' => 8,   'message' => 'Trying to get property of non-object',   'file' => '/Users/vsarapin/programs/MAMP/apache2/htdocs/wp-content/plugins/woo-shipping-for-nova-poshta/classes/Customer.php',   'line' => 52, ) [] []
[2018-11-26 16:47:02] php_system.INFO: E_NOTICE: array (   'type' => 8,   'message' => 'Trying to get property of non-object',   'file' => '/Users/vsarapin/programs/MAMP/apache2/htdocs/wp-content/plugins/woo-shipping-for-nova-poshta/classes/Customer.php',   'line' => 52, ) [] []
[2018-11-26 17:14:56] php_system.INFO: E_WARNING: array (   'type' => 2,   'message' => 'closedir() expects parameter 1 to be resource, boolean given',   'file' => '/Users/vsarapin/programs/MAMP/apache2/htdocs/wp-admin/includes/file.php',   'line' => 168, ) [] []
